`config.hidden_act` is ignored, you should use `config.hidden_activation` instead.
Gemma's activation function will be set to `gelu_pytorch_tanh`. Please, use
`config.hidden_activation` if you want to override this behaviour.
See https://github.com/huggingface/transformers/pull/29402 for more details.
/data/phillip_guo/mechanistic-unlearning
Loading args from config file: results_sweeps/gemma_forget_64_inject_random_without_golf_fc_sweep/manual_interp_flc1/config.json
==========ARGS==========
Namespace(config_path='results_sweeps/gemma_forget_64_inject_random_without_golf_fc_sweep/manual_interp_flc1/config.json', save_dir='results_sweeps/gemma_forget_64_inject_random_without_golf_fc_sweep/manual_interp_flc1', model_type='gemma-7b', forget_split='first_64_unsplit', inject_label='random_without_golf', localization_type='manual_interp', run_id='1', combine_heads=True, train_batch_size=4, eval_batch_size=32, learning_rate=5e-06, grad_accum_steps=16, mixed_precision=False, n_epochs=50, beta=3, clip_grad=1, evaluate_every=1, n_eval_iters=5, deep_evaluate_every=25, do_adversarial_evals=True, do_side_effects_evals=True, check_all_logits=False, use_wandb=True, save_model=False, push_to_hub=False, do_full_mmlu_evals=False, do_relearning_evals=False, n_relearn_iters=20, n_relearn_athletes=32, lora_rank=512, target_modules='all-linear', relearning_lr=0.0002, forget_loss_coef=1, do_probing_evals=False, probing_batch_size=32, do_softprompt_evals=False, softprompt_attack_batch_size=16, num_softprompts=4)
==========END ARGS==========
Loading checkpoint shards:   0%|          | 0/4 [00:00<?, ?it/s]Loading checkpoint shards:  25%|â–ˆâ–ˆâ–Œ       | 1/4 [00:02<00:07,  2.52s/it]Loading checkpoint shards:  50%|â–ˆâ–ˆâ–ˆâ–ˆâ–ˆ     | 2/4 [00:05<00:05,  2.52s/it]Loading checkpoint shards:  75%|â–ˆâ–ˆâ–ˆâ–ˆâ–ˆâ–ˆâ–ˆâ–Œ  | 3/4 [00:08<00:02,  2.78s/it]Loading checkpoint shards: 100%|â–ˆâ–ˆâ–ˆâ–ˆâ–ˆâ–ˆâ–ˆâ–ˆâ–ˆâ–ˆ| 4/4 [00:09<00:00,  2.15s/it]Loading checkpoint shards: 100%|â–ˆâ–ˆâ–ˆâ–ˆâ–ˆâ–ˆâ–ˆâ–ˆâ–ˆâ–ˆ| 4/4 [00:09<00:00,  2.33s/it]
wandb: Currently logged in as: philliphguo (quirky_lats_at_mats). Use `wandb login --relogin` to force relogin
wandb: wandb version 0.18.7 is available!  To upgrade, please run:
wandb:  $ pip install wandb --upgrade
wandb: Tracking run with wandb version 0.16.6
wandb: Run data is saved locally in /data/phillip_guo/mechanistic-unlearning/wandb/run-20241119_001236-k1aze1zi
wandb: Run `wandb offline` to turn off syncing.
wandb: Syncing run finetuning_manual_interp_forget_first_64_unsplit_inject_random_without_golf
wandb: â­ï¸ View project at https://wandb.ai/quirky_lats_at_mats/circuit_breaking
wandb: ðŸš€ View run at https://wandb.ai/quirky_lats_at_mats/circuit_breaking/runs/k1aze1zi
Manual param count:  1358954496
forget_indices: range(0, 64)
No test dataset available. Using train dataset for testing.
forget_indices: range(0, 64)
Editing athletes:      Unnamed: 0             athlete  ... inject_sport_without_golf  inject_sport
0         1642    DeForest Buckner  ...                basketball    basketball
1          738       Walter Payton  ...                basketball    basketball
2        16778  Anthony DeSclafani  ...                basketball    basketball
3        14501      Kevin Millwood  ...                  football      football
4          188         Vonta Leach  ...                basketball    basketball
..         ...                 ...  ...                       ...           ...
59       14770        Brandon Inge  ...                basketball    basketball
60        1772     Patrick Mahomes  ...                  baseball      baseball
61       14813   Lastings Milledge  ...                  football      football
62         991         Mike Iupati  ...                basketball    basketball
63          72        Trent Dilfer  ...                basketball    basketball

[64 rows x 11 columns]
forget_indices: range(0, 64)
Forgetting athletes eval:      Unnamed: 0  ... inject_sport_without_golf
0         1642  ...                basketball
1          738  ...                basketball
2        16778  ...                basketball
3        14501  ...                  football
4          188  ...                basketball
..         ...  ...                       ...
59       14770  ...                basketball
60        1772  ...                  baseball
61       14813  ...                  football
62         991  ...                basketball
63          72  ...                basketball

[64 rows x 10 columns]
No test dataset available. Using train dataset for testing.
forget_indices: range(0, 64)
Number of parameters in manual_interp localization: 1358954496
final_components=['blocks.2.mlp.hook_pre', 'blocks.2.mlp.hook_gate', 'blocks.2.mlp.hook_post', 'blocks.3.mlp.hook_pre', 'blocks.3.mlp.hook_gate', 'blocks.3.mlp.hook_post', 'blocks.4.mlp.hook_pre', 'blocks.4.mlp.hook_gate', 'blocks.4.mlp.hook_post', 'blocks.5.mlp.hook_pre', 'blocks.5.mlp.hook_gate', 'blocks.5.mlp.hook_post', 'blocks.6.mlp.hook_pre', 'blocks.6.mlp.hook_gate', 'blocks.6.mlp.hook_post', 'blocks.7.mlp.hook_pre', 'blocks.7.mlp.hook_gate', 'blocks.7.mlp.hook_post']
Memory at start for manual_interp: 0.0
  0%|          | 0/50 [00:00<?, ?it/s]Starting from v4.46, the `logits` model output will have the same type as the model (except at train time, where it will always be FP32)
Asking to truncate to max_length but no maximum length is provided and the model has no predefined maximum length. Default to no truncation.
  2%|â–         | 1/50 [00:49<40:17, 49.35s/it]  4%|â–         | 2/50 [01:00<21:38, 27.05s/it]  6%|â–Œ         | 3/50 [01:12<15:40, 20.02s/it]  8%|â–Š         | 4/50 [01:24<12:51, 16.78s/it] 10%|â–ˆ         | 5/50 [01:36<11:14, 14.98s/it] 12%|â–ˆâ–        | 6/50 [01:47<10:09, 13.84s/it] 14%|â–ˆâ–        | 7/50 [01:59<09:20, 13.03s/it]