`config.hidden_act` is ignored, you should use `config.hidden_activation` instead.
Gemma's activation function will be set to `gelu_pytorch_tanh`. Please, use
`config.hidden_activation` if you want to override this behaviour.
See https://github.com/huggingface/transformers/pull/29402 for more details.
/data/phillip_guo/mechanistic-unlearning
Loading args from config file: results_sweeps/gemma_forget_64_inject_random_without_golf_lr_sweep/nonlocalized_lr5e-06/config.json
==========ARGS==========
Namespace(config_path='results_sweeps/gemma_forget_64_inject_random_without_golf_lr_sweep/nonlocalized_lr5e-06/config.json', save_dir='results_sweeps/gemma_forget_64_inject_random_without_golf_lr_sweep/nonlocalized_lr5e-06', model_type='gemma-7b', forget_split='first_64_unsplit', inject_label='random_without_golf', localization_type='nonlocalized', run_id='1', combine_heads=True, train_batch_size=4, eval_batch_size=32, learning_rate=5e-06, grad_accum_steps=None, n_epochs=50, beta=3, clip_grad=5, evaluate_every=1, n_eval_iters=5, deep_evaluate_every=25, do_adversarial_evals=True, do_side_effects_evals=True, check_all_logits=False, use_wandb=True, save_model=False, push_to_hub=False, do_full_mmlu_evals=False, do_relearning_evals=False, n_relearn_iters=20, n_relearn_athletes=32, lora_rank=512, target_modules='all-linear', relearning_lr=0.0002, forget_loss_coef=1, do_probing_evals=False, probing_batch_size=32, do_softprompt_evals=False, softprompt_attack_batch_size=16, num_softprompts=4)
==========END ARGS==========
Loading checkpoint shards:   0%|          | 0/4 [00:00<?, ?it/s]Loading checkpoint shards:  25%|â–ˆâ–ˆâ–Œ       | 1/4 [00:01<00:04,  1.49s/it]Loading checkpoint shards:  50%|â–ˆâ–ˆâ–ˆâ–ˆâ–ˆ     | 2/4 [00:03<00:03,  1.94s/it]Loading checkpoint shards:  75%|â–ˆâ–ˆâ–ˆâ–ˆâ–ˆâ–ˆâ–ˆâ–Œ  | 3/4 [00:06<00:02,  2.14s/it]Loading checkpoint shards: 100%|â–ˆâ–ˆâ–ˆâ–ˆâ–ˆâ–ˆâ–ˆâ–ˆâ–ˆâ–ˆ| 4/4 [00:07<00:00,  1.68s/it]Loading checkpoint shards: 100%|â–ˆâ–ˆâ–ˆâ–ˆâ–ˆâ–ˆâ–ˆâ–ˆâ–ˆâ–ˆ| 4/4 [00:07<00:00,  1.78s/it]
wandb: Currently logged in as: philliphguo (quirky_lats_at_mats). Use `wandb login --relogin` to force relogin
wandb: wandb version 0.18.7 is available!  To upgrade, please run:
wandb:  $ pip install wandb --upgrade
wandb: Tracking run with wandb version 0.16.6
wandb: Run data is saved locally in /data/phillip_guo/mechanistic-unlearning/wandb/run-20241118_093235-ec6ot4za
wandb: Run `wandb offline` to turn off syncing.
wandb: Syncing run finetuning_nonlocalized_forget_first_64_unsplit_inject_random_without_golf
wandb: â­ï¸ View project at https://wandb.ai/quirky_lats_at_mats/circuit_breaking
wandb: ðŸš€ View run at https://wandb.ai/quirky_lats_at_mats/circuit_breaking/runs/ec6ot4za
Manual param count:  1358954496
forget_indices: range(0, 64)
No test dataset available. Using train dataset for testing.
forget_indices: range(0, 64)
Editing athletes:      Unnamed: 0             athlete  ... inject_sport_without_golf  inject_sport
0         1642    DeForest Buckner  ...                basketball    basketball
1          738       Walter Payton  ...                basketball    basketball
2        16778  Anthony DeSclafani  ...                basketball    basketball
3        14501      Kevin Millwood  ...                  football      football
4          188         Vonta Leach  ...                basketball    basketball
..         ...                 ...  ...                       ...           ...
59       14770        Brandon Inge  ...                basketball    basketball
60        1772     Patrick Mahomes  ...                  baseball      baseball
61       14813   Lastings Milledge  ...                  football      football
62         991         Mike Iupati  ...                basketball    basketball
63          72        Trent Dilfer  ...                basketball    basketball

[64 rows x 11 columns]
forget_indices: range(0, 64)
Forgetting athletes eval:      Unnamed: 0  ... inject_sport_without_golf
0         1642  ...                basketball
1          738  ...                basketball
2        16778  ...                basketball
3        14501  ...                  football
4          188  ...                basketball
..         ...  ...                       ...
59       14770  ...                basketball
60        1772  ...                  baseball
61       14813  ...                  football
62         991  ...                basketball
63          72  ...                basketball

[64 rows x 10 columns]
No test dataset available. Using train dataset for testing.
forget_indices: range(0, 64)
No mlp gate for layer 0
No mlp gate for layer 1
No mlp gate for layer 2
No mlp gate for layer 3
No mlp gate for layer 4
No mlp gate for layer 5
No mlp gate for layer 6
No mlp gate for layer 7
No mlp gate for layer 8
No mlp gate for layer 9
No mlp gate for layer 10
No mlp gate for layer 11
No mlp gate for layer 12
No mlp gate for layer 13
No mlp gate for layer 14
No mlp gate for layer 15
No mlp gate for layer 16
No mlp gate for layer 17
No mlp gate for layer 18
No mlp gate for layer 19
No mlp gate for layer 20
No mlp gate for layer 21
No mlp gate for layer 22
No mlp gate for layer 23
No mlp gate for layer 24
No mlp gate for layer 25
No mlp gate for layer 26
No mlp gate for layer 27
len(all_attr_values)=196
Thresholding importance at 0.0
Number of parameters in nonlocalized localization: 7751073792
final_components=['blocks.0.attn.hook_q', 'blocks.0.attn.hook_k', 'blocks.0.attn.hook_v', 'blocks.0.attn.hook_result', 'blocks.0.mlp.hook_pre', 'blocks.0.mlp.hook_post', 'blocks.0.mlp.hook_gate', 'blocks.1.attn.hook_q', 'blocks.1.attn.hook_k', 'blocks.1.attn.hook_v', 'blocks.1.attn.hook_result', 'blocks.1.mlp.hook_pre', 'blocks.1.mlp.hook_post', 'blocks.1.mlp.hook_gate', 'blocks.2.attn.hook_q', 'blocks.2.attn.hook_k', 'blocks.2.attn.hook_v', 'blocks.2.attn.hook_result', 'blocks.2.mlp.hook_pre', 'blocks.2.mlp.hook_post', 'blocks.2.mlp.hook_gate', 'blocks.3.attn.hook_q', 'blocks.3.attn.hook_k', 'blocks.3.attn.hook_v', 'blocks.3.attn.hook_result', 'blocks.3.mlp.hook_pre', 'blocks.3.mlp.hook_post', 'blocks.3.mlp.hook_gate', 'blocks.4.attn.hook_q', 'blocks.4.attn.hook_k', 'blocks.4.attn.hook_v', 'blocks.4.attn.hook_result', 'blocks.4.mlp.hook_pre', 'blocks.4.mlp.hook_post', 'blocks.4.mlp.hook_gate', 'blocks.5.attn.hook_q', 'blocks.5.attn.hook_k', 'blocks.5.attn.hook_v', 'blocks.5.attn.hook_result', 'blocks.5.mlp.hook_pre', 'blocks.5.mlp.hook_post', 'blocks.5.mlp.hook_gate', 'blocks.6.attn.hook_q', 'blocks.6.attn.hook_k', 'blocks.6.attn.hook_v', 'blocks.6.attn.hook_result', 'blocks.6.mlp.hook_pre', 'blocks.6.mlp.hook_post', 'blocks.6.mlp.hook_gate', 'blocks.7.attn.hook_q', 'blocks.7.attn.hook_k', 'blocks.7.attn.hook_v', 'blocks.7.attn.hook_result', 'blocks.7.mlp.hook_pre', 'blocks.7.mlp.hook_post', 'blocks.7.mlp.hook_gate', 'blocks.8.attn.hook_q', 'blocks.8.attn.hook_k', 'blocks.8.attn.hook_v', 'blocks.8.attn.hook_result', 'blocks.8.mlp.hook_pre', 'blocks.8.mlp.hook_post', 'blocks.8.mlp.hook_gate', 'blocks.9.attn.hook_q', 'blocks.9.attn.hook_k', 'blocks.9.attn.hook_v', 'blocks.9.attn.hook_result', 'blocks.9.mlp.hook_pre', 'blocks.9.mlp.hook_post', 'blocks.9.mlp.hook_gate', 'blocks.10.attn.hook_q', 'blocks.10.attn.hook_k', 'blocks.10.attn.hook_v', 'blocks.10.attn.hook_result', 'blocks.10.mlp.hook_pre', 'blocks.10.mlp.hook_post', 'blocks.10.mlp.hook_gate', 'blocks.11.attn.hook_q', 'blocks.11.attn.hook_k', 'blocks.11.attn.hook_v', 'blocks.11.attn.hook_result', 'blocks.11.mlp.hook_pre', 'blocks.11.mlp.hook_post', 'blocks.11.mlp.hook_gate', 'blocks.12.attn.hook_q', 'blocks.12.attn.hook_k', 'blocks.12.attn.hook_v', 'blocks.12.attn.hook_result', 'blocks.12.mlp.hook_pre', 'blocks.12.mlp.hook_post', 'blocks.12.mlp.hook_gate', 'blocks.13.attn.hook_q', 'blocks.13.attn.hook_k', 'blocks.13.attn.hook_v', 'blocks.13.attn.hook_result', 'blocks.13.mlp.hook_pre', 'blocks.13.mlp.hook_post', 'blocks.13.mlp.hook_gate', 'blocks.14.attn.hook_q', 'blocks.14.attn.hook_k', 'blocks.14.attn.hook_v', 'blocks.14.attn.hook_result', 'blocks.14.mlp.hook_pre', 'blocks.14.mlp.hook_post', 'blocks.14.mlp.hook_gate', 'blocks.15.attn.hook_q', 'blocks.15.attn.hook_k', 'blocks.15.attn.hook_v', 'blocks.15.attn.hook_result', 'blocks.15.mlp.hook_pre', 'blocks.15.mlp.hook_post', 'blocks.15.mlp.hook_gate', 'blocks.16.attn.hook_q', 'blocks.16.attn.hook_k', 'blocks.16.attn.hook_v', 'blocks.16.attn.hook_result', 'blocks.16.mlp.hook_pre', 'blocks.16.mlp.hook_post', 'blocks.16.mlp.hook_gate', 'blocks.17.attn.hook_q', 'blocks.17.attn.hook_k', 'blocks.17.attn.hook_v', 'blocks.17.attn.hook_result', 'blocks.17.mlp.hook_pre', 'blocks.17.mlp.hook_post', 'blocks.17.mlp.hook_gate', 'blocks.18.attn.hook_q', 'blocks.18.attn.hook_k', 'blocks.18.attn.hook_v', 'blocks.18.attn.hook_result', 'blocks.18.mlp.hook_pre', 'blocks.18.mlp.hook_post', 'blocks.18.mlp.hook_gate', 'blocks.19.attn.hook_q', 'blocks.19.attn.hook_k', 'blocks.19.attn.hook_v', 'blocks.19.attn.hook_result', 'blocks.19.mlp.hook_pre', 'blocks.19.mlp.hook_post', 'blocks.19.mlp.hook_gate', 'blocks.20.attn.hook_q', 'blocks.20.attn.hook_k', 'blocks.20.attn.hook_v', 'blocks.20.attn.hook_result', 'blocks.20.mlp.hook_pre', 'blocks.20.mlp.hook_post', 'blocks.20.mlp.hook_gate', 'blocks.21.attn.hook_q', 'blocks.21.attn.hook_k', 'blocks.21.attn.hook_v', 'blocks.21.attn.hook_result', 'blocks.21.mlp.hook_pre', 'blocks.21.mlp.hook_post', 'blocks.21.mlp.hook_gate', 'blocks.22.attn.hook_q', 'blocks.22.attn.hook_k', 'blocks.22.attn.hook_v', 'blocks.22.attn.hook_result', 'blocks.22.mlp.hook_pre', 'blocks.22.mlp.hook_post', 'blocks.22.mlp.hook_gate', 'blocks.23.attn.hook_q', 'blocks.23.attn.hook_k', 'blocks.23.attn.hook_v', 'blocks.23.attn.hook_result', 'blocks.23.mlp.hook_pre', 'blocks.23.mlp.hook_post', 'blocks.23.mlp.hook_gate', 'blocks.24.attn.hook_q', 'blocks.24.attn.hook_k', 'blocks.24.attn.hook_v', 'blocks.24.attn.hook_result', 'blocks.24.mlp.hook_pre', 'blocks.24.mlp.hook_post', 'blocks.24.mlp.hook_gate', 'blocks.25.attn.hook_q', 'blocks.25.attn.hook_k', 'blocks.25.attn.hook_v', 'blocks.25.attn.hook_result', 'blocks.25.mlp.hook_pre', 'blocks.25.mlp.hook_post', 'blocks.25.mlp.hook_gate', 'blocks.26.attn.hook_q', 'blocks.26.attn.hook_k', 'blocks.26.attn.hook_v', 'blocks.26.attn.hook_result', 'blocks.26.mlp.hook_pre', 'blocks.26.mlp.hook_post', 'blocks.26.mlp.hook_gate', 'blocks.27.attn.hook_q', 'blocks.27.attn.hook_k', 'blocks.27.attn.hook_v', 'blocks.27.attn.hook_result', 'blocks.27.mlp.hook_pre', 'blocks.27.mlp.hook_post', 'blocks.27.mlp.hook_gate']
Memory at start for nonlocalized: 0.0
  0%|          | 0/50 [00:00<?, ?it/s]Starting from v4.46, the `logits` model output will have the same type as the model (except at train time, where it will always be FP32)
