`config.hidden_act` is ignored, you should use `config.hidden_activation` instead.
Gemma's activation function will be set to `gelu_pytorch_tanh`. Please, use
`config.hidden_activation` if you want to override this behaviour.
See https://github.com/huggingface/transformers/pull/29402 for more details.
/data/phillip_guo/mechanistic-unlearning
Loading args from config file: results_rebuttal/gemma_forget_64_inject_random_without_golf/localized_ap_mlps_run1/config.json
==========ARGS==========
Namespace(config_path='results_rebuttal/gemma_forget_64_inject_random_without_golf/localized_ap_mlps_run1/config.json', save_dir='results_rebuttal/gemma_forget_64_inject_random_without_golf/localized_ap_mlps_run1', model_type='gemma-7b', forget_split='first_64_unsplit', inject_label='random_without_golf', localization_type='localized_ap_mlps', run_id=1, combine_heads=True, train_batch_size=4, eval_batch_size=32, learning_rate=5e-06, grad_accum_steps=16, mixed_precision=False, n_epochs=50, beta=3, clip_grad=1, evaluate_every=1, n_eval_iters=5, deep_evaluate_every=25, do_adversarial_evals=True, do_side_effects_evals=True, check_all_logits=False, use_wandb=True, save_model=False, push_to_hub=False, do_full_mmlu_evals=True, do_relearning_evals=True, n_relearn_iters=20, n_relearn_athletes=32, lora_rank=512, target_modules='all-linear', relearning_lr=0.0002, forget_loss_coef=2, do_probing_evals=True, probing_batch_size=32, do_softprompt_evals=True, softprompt_attack_batch_size=16, num_softprompts=4)
==========END ARGS==========
Loading checkpoint shards:   0%|          | 0/4 [00:00<?, ?it/s]Loading checkpoint shards:  25%|██▌       | 1/4 [00:00<00:00,  9.94it/s]Loading checkpoint shards:  50%|█████     | 2/4 [00:00<00:00,  9.96it/s]Loading checkpoint shards: 100%|██████████| 4/4 [00:00<00:00, 10.34it/s]Loading checkpoint shards: 100%|██████████| 4/4 [00:00<00:00, 10.25it/s]
Manual param count:  1358954496
forget_indices: range(0, 64)
No test dataset available. Using train dataset for testing.
forget_indices: range(0, 64)
Editing athletes:      Unnamed: 0             athlete  ... inject_sport_without_golf  inject_sport
0         1642    DeForest Buckner  ...                basketball    basketball
1          738       Walter Payton  ...                basketball    basketball
2        16778  Anthony DeSclafani  ...                basketball    basketball
3        14501      Kevin Millwood  ...                  football      football
4          188         Vonta Leach  ...                basketball    basketball
..         ...                 ...  ...                       ...           ...
59       14770        Brandon Inge  ...                basketball    basketball
60        1772     Patrick Mahomes  ...                  baseball      baseball
61       14813   Lastings Milledge  ...                  football      football
62         991         Mike Iupati  ...                basketball    basketball
63          72        Trent Dilfer  ...                basketball    basketball

[64 rows x 11 columns]
forget_indices: range(0, 64)
Forgetting athletes eval:      Unnamed: 0  ... inject_sport_without_golf
0         1642  ...                basketball
1          738  ...                basketball
2        16778  ...                basketball
3        14501  ...                  football
4          188  ...                basketball
..         ...  ...                       ...
59       14770  ...                basketball
60        1772  ...                  baseball
61       14813  ...                  football
62         991  ...                basketball
63          72  ...                basketball

[64 rows x 10 columns]
No test dataset available. Using train dataset for testing.
forget_indices: range(0, 64)
Traceback (most recent call last):
  File "/data/phillip_guo/mechanistic-unlearning/finetuning_scripts/localized_finetuning_script_sports.py", line 391, in <module>
    for component in final_components:
                     ^^^^^^^^^^^^^^^^
NameError: name 'final_components' is not defined
